[debug] [2019-10-03T00:16:46.125Z] ----------------------------------------------------------------------
[debug] [2019-10-03T00:16:46.126Z] Command:       P:\Program Files\nodejs\node.exe C:\Users\tim\AppData\Roaming\npm\node_modules\firebase-tools\lib\bin\firebase.js deploy
[debug] [2019-10-03T00:16:46.126Z] CLI Version:   7.2.2
[debug] [2019-10-03T00:16:46.126Z] Platform:      win32
[debug] [2019-10-03T00:16:46.126Z] Node Version:  v12.0.0
[debug] [2019-10-03T00:16:46.127Z] Time:          Thu Oct 03 2019 02:16:46 GMT+0200 (GMT+02:00)
[debug] [2019-10-03T00:16:46.127Z] ----------------------------------------------------------------------
[debug] 
[debug] [2019-10-03T00:16:46.132Z] > command requires scopes: ["email","openid","https://www.googleapis.com/auth/cloudplatformprojects.readonly","https://www.googleapis.com/auth/firebase","https://www.googleapis.com/auth/cloud-platform"]
[debug] [2019-10-03T00:16:46.133Z] > authorizing via signed-in user
[debug] [2019-10-03T00:16:46.133Z] [iam] checking project obs-overlay-36c60 for permissions ["firebase.projects.get","firebasehosting.sites.update"]
[debug] [2019-10-03T00:16:46.134Z] >>> HTTP REQUEST POST https://cloudresourcemanager.googleapis.com/v1/projects/obs-overlay-36c60:testIamPermissions  

[debug] [2019-10-03T00:16:47.028Z] <<< HTTP RESPONSE 200
[debug] [2019-10-03T00:16:47.030Z] >>> HTTP REQUEST GET https://firebase.googleapis.com/v1beta1/projects/obs-overlay-36c60  
 
[debug] [2019-10-03T00:16:47.416Z] <<< HTTP RESPONSE 200
[info] 
[info] === Deploying to 'obs-overlay-36c60'...
[info] 
[info] i  deploying hosting
[debug] [2019-10-03T00:16:47.419Z] >>> HTTP REQUEST POST https://firebasehosting.googleapis.com/v1beta1/sites/obs-overlay-36c60/versions  

[debug] [2019-10-03T00:16:48.952Z] <<< HTTP RESPONSE 200
